<?xml version='1.0' encoding='UTF-8' ?>
<testsuite name="com.jeanbarrossilva.ongoing.platform.session.GoogleSignInSessionManagerTests" tests="1" failures="0" errors="0" skipped="0" time="17.911" timestamp="2022-11-04T12:23:58" hostname="localhost">
  <properties>
    <property name="device" value="Pixel_6_Pro_API_33(AVD) - 13" />
    <property name="flavor" value="" />
    <property name="project" value=":platform-session" />
  </properties>
  <testcase name="authenticate" classname="com.jeanbarrossilva.ongoing.platform.session.GoogleSignInSessionManagerTests" time="-1.66756462082E9" />
</testsuite>